###############################################################
#  Generated by:      Cadence Innovus 21.17-s075_1
#  OS:                Linux x86_64(Host ID vlsi401)
#  Generated on:      Mon Dec  2 23:17:07 2024
#  Design:            riscv_core
#  Command:           report_timing > $::env(PNR_REP_DIR)/riscv_core.tim.rpt
###############################################################
Path 1: MET Setup Check with Pin DECODE_r_rd_addr_reg[0]/CK 
Endpoint:   DECODE_r_rd_addr_reg[0]/D (v) checked with  leading edge of 'clk'
Beginpoint: MEMORY_o_re_wb_reg/Q      (^) triggered by  leading edge of 'clk'
Path Groups: {clk}
Analysis View: slow_av
Other End Arrival Time          0.138
- Setup                         0.030
+ Phase Shift                  20.000
+ CPPR Adjustment               0.000
- Uncertainty                   0.100
= Required Time                20.007
- Arrival Time                 11.351
= Slack Time                    8.657
     Clock Rise Edge                 0.000
     + Clock Network Latency (Prop)  0.002
     = Beginpoint Arrival Time       0.002
     +---------------------------------------------------------------------------------------------+ 
     |               Instance               |     Arc     |   Cell    | Delay | Arrival | Required | 
     |                                      |             |           |       |  Time   |   Time   | 
     |--------------------------------------+-------------+-----------+-------+---------+----------| 
     | MEMORY_o_re_wb_reg                   | CK ^        |           |       |   0.002 |    8.659 | 
     | MEMORY_o_re_wb_reg                   | CK ^ -> Q ^ | DFFRHQX1  | 0.380 |   0.382 |    9.039 | 
     | FE_OFC595_mem_wb_re_wb               | A ^ -> Y v  | INVX1     | 0.184 |   0.566 |    9.223 | 
     | FE_OFC596_mem_wb_re_wb               | A v -> Y ^  | INVX2     | 0.151 |   0.717 |    9.374 | 
     | g79181__5477                         | S0 ^ -> Y v | MX2X1     | 0.257 |   0.973 |    9.630 | 
     | FE_OFC222_wb_ex_rd_data_0            | A v -> Y ^  | INVX1     | 0.116 |   1.089 |    9.746 | 
     | FE_OFC224_wb_ex_rd_data_0            | A ^ -> Y v  | INVX2     | 0.151 |   1.240 |    9.897 | 
     | g79045__3680                         | B0 v -> Y ^ | AOI22X1   | 0.161 |   1.401 |   10.058 | 
     | g79031__2346                         | B0 ^ -> Y v | OAI21X1   | 0.183 |   1.584 |   10.241 | 
     | g78969__5477                         | A1 v -> Y v | AO22X1    | 0.274 |   1.859 |   10.515 | 
     | EXECUTE_alu_u_adder_minus_44_29_g578 | A v -> Y ^  | NOR2X1    | 0.139 |   1.997 |   10.654 | 
     | EXECUTE_alu_u_adder_minus_44_29_g577 | B0 ^ -> Y v | AOI21X1   | 0.082 |   2.079 |   10.736 | 
     | g124217                              | A v -> Y v  | MX2X1     | 0.177 |   2.257 |   10.913 | 
     | g121934                              | B v -> Y ^  | XNOR2X1   | 0.179 |   2.436 |   11.092 | 
     | g121628                              | A1 ^ -> Y ^ | AO22X1    | 0.197 |   2.633 |   11.290 | 
     | g121560                              | B ^ -> CO ^ | ADDHX1    | 0.131 |   2.764 |   11.420 | 
     | g121551                              | B ^ -> Y ^  | OR2X1     | 0.075 |   2.839 |   11.495 | 
     | g121537                              | B ^ -> CO ^ | ADDHX1    | 0.123 |   2.962 |   11.618 | 
     | g121534                              | B ^ -> Y ^  | OR2X1     | 0.072 |   3.033 |   11.690 | 
     | g121527                              | B ^ -> CO ^ | ADDHX1    | 0.123 |   3.157 |   11.813 | 
     | g121521                              | B ^ -> Y ^  | OR2X1     | 0.074 |   3.231 |   11.887 | 
     | g121514                              | B ^ -> CO ^ | ADDHX1    | 0.122 |   3.353 |   12.010 | 
     | g121513                              | B ^ -> Y ^  | OR2X1     | 0.073 |   3.426 |   12.083 | 
     | g121502                              | B ^ -> CO ^ | ADDHX1    | 0.124 |   3.551 |   12.207 | 
     | g121497                              | B ^ -> Y ^  | OR2X1     | 0.074 |   3.624 |   12.281 | 
     | g121493                              | B ^ -> CO ^ | ADDHX1    | 0.122 |   3.746 |   12.403 | 
     | g121489                              | B ^ -> Y ^  | OR2X1     | 0.072 |   3.818 |   12.475 | 
     | g121483                              | B ^ -> CO ^ | ADDHX1    | 0.122 |   3.940 |   12.596 | 
     | g121479                              | B ^ -> Y ^  | OR2X1     | 0.071 |   4.011 |   12.668 | 
     | g121473                              | B ^ -> CO ^ | ADDHX1    | 0.124 |   4.135 |   12.792 | 
     | g121469                              | B ^ -> Y ^  | OR2X1     | 0.074 |   4.210 |   12.866 | 
     | g121464                              | B ^ -> CO ^ | ADDHX1    | 0.121 |   4.331 |   12.988 | 
     | g121459                              | B ^ -> Y ^  | OR2X1     | 0.071 |   4.402 |   13.059 | 
     | g121454                              | B ^ -> CO ^ | ADDHX1    | 0.121 |   4.523 |   13.180 | 
     | g121449                              | B ^ -> Y ^  | OR2X1     | 0.071 |   4.594 |   13.251 | 
     | g121443                              | B ^ -> CO ^ | ADDHX1    | 0.122 |   4.717 |   13.373 | 
     | g121438                              | B ^ -> Y ^  | OR2X1     | 0.074 |   4.791 |   13.448 | 
     | g121432                              | B ^ -> CO ^ | ADDHX1    | 0.124 |   4.915 |   13.572 | 
     | g121428                              | B ^ -> Y ^  | OR2X1     | 0.073 |   4.988 |   13.645 | 
     | g121421                              | B ^ -> CO ^ | ADDHX1    | 0.123 |   5.111 |   13.768 | 
     | g121417                              | B ^ -> Y ^  | OR2X1     | 0.073 |   5.184 |   13.841 | 
     | g121412                              | B ^ -> CO ^ | ADDHX1    | 0.122 |   5.307 |   13.963 | 
     | g121408                              | B ^ -> Y ^  | OR2X1     | 0.072 |   5.379 |   14.036 | 
     | g121402                              | B ^ -> CO ^ | ADDHX1    | 0.122 |   5.501 |   14.157 | 
     | g121397                              | B ^ -> Y ^  | OR2X1     | 0.071 |   5.572 |   14.229 | 
     | g121391                              | B ^ -> CO ^ | ADDHX1    | 0.122 |   5.694 |   14.351 | 
     | g121387                              | B ^ -> Y ^  | OR2X1     | 0.072 |   5.767 |   14.423 | 
     | g121381                              | B ^ -> CO ^ | ADDHX1    | 0.122 |   5.889 |   14.545 | 
     | g121379                              | B ^ -> Y ^  | OR2X1     | 0.079 |   5.968 |   14.625 | 
     | g121373                              | B ^ -> CO ^ | ADDHX1    | 0.128 |   6.096 |   14.753 | 
     | g121369                              | B ^ -> Y ^  | OR2X1     | 0.073 |   6.168 |   14.825 | 
     | g121362                              | B ^ -> CO ^ | ADDHX1    | 0.123 |   6.291 |   14.948 | 
     | g121360                              | B ^ -> Y ^  | OR2X1     | 0.070 |   6.361 |   15.018 | 
     | g121352                              | B ^ -> CO ^ | ADDHX1    | 0.121 |   6.483 |   15.139 | 
     | g121349                              | B ^ -> Y ^  | OR2X1     | 0.071 |   6.554 |   15.211 | 
     | g121341                              | B ^ -> CO ^ | ADDHX1    | 0.122 |   6.676 |   15.333 | 
     | g121340                              | B ^ -> Y ^  | OR2X1     | 0.076 |   6.752 |   15.409 | 
     | g121334                              | B ^ -> CO ^ | ADDHX1    | 0.124 |   6.876 |   15.533 | 
     | g121330                              | B ^ -> Y ^  | OR2X1     | 0.071 |   6.947 |   15.604 | 
     | g121323                              | B ^ -> CO ^ | ADDHX1    | 0.123 |   7.070 |   15.727 | 
     | g121321                              | B ^ -> Y ^  | OR2X1     | 0.088 |   7.158 |   15.815 | 
     | g121313                              | B ^ -> CO ^ | ADDHX1    | 0.133 |   7.291 |   15.948 | 
     | g121310                              | B ^ -> Y ^  | OR2X1     | 0.071 |   7.362 |   16.019 | 
     | g121302                              | B ^ -> CO ^ | ADDHX1    | 0.124 |   7.486 |   16.143 | 
     | g121300                              | B ^ -> Y ^  | OR2X1     | 0.076 |   7.562 |   16.219 | 
     | g121294                              | B ^ -> CO ^ | ADDHX1    | 0.125 |   7.687 |   16.344 | 
     | g121290                              | B ^ -> Y ^  | OR2X1     | 0.086 |   7.773 |   16.430 | 
     | g121284                              | B ^ -> CO ^ | ADDHX1    | 0.133 |   7.906 |   16.563 | 
     | g121280                              | B ^ -> Y ^  | OR2X1     | 0.073 |   7.979 |   16.636 | 
     | g121272                              | B ^ -> CO ^ | ADDHX1    | 0.123 |   8.102 |   16.758 | 
     | g121269                              | B ^ -> Y ^  | OR2X1     | 0.072 |   8.173 |   16.830 | 
     | g121261                              | B ^ -> CO ^ | ADDHX1    | 0.122 |   8.295 |   16.952 | 
     | g121258                              | B ^ -> Y ^  | OR2X1     | 0.079 |   8.374 |   17.031 | 
     | g121254                              | B ^ -> Y v  | CLKXOR2X1 | 0.159 |   8.533 |   17.190 | 
     | g121247                              | A1 v -> Y ^ | AOI21X2   | 0.129 |   8.662 |   17.319 | 
     | g121243                              | C ^ -> Y v  | NAND3BXL  | 0.156 |   8.818 |   17.475 | 
     | g121236                              | D v -> Y v  | OR4X1     | 0.251 |   9.069 |   17.726 | 
     | g121233                              | D v -> Y ^  | NOR4BBX1  | 0.088 |   9.157 |   17.814 | 
     | FE_OFC229_n_2339                     | A ^ -> Y ^  | BUFX2     | 0.136 |   9.293 |   17.950 | 
     | g121230                              | C ^ -> Y v  | NAND3X1   | 0.096 |   9.389 |   18.046 | 
     | g121228                              | D v -> Y v  | OR4X1     | 0.253 |   9.642 |   18.299 | 
     | g121227                              | D v -> Y ^  | NOR4X1    | 0.131 |   9.773 |   18.429 | 
     | g121226                              | B ^ -> Y ^  | OR2X1     | 0.236 |  10.008 |   18.665 | 
     | FE_OFC525_n_2346                     | A ^ -> Y v  | INVX1     | 0.114 |  10.123 |   18.779 | 
     | g121223                              | B v -> Y v  | AND2X2    | 0.173 |  10.296 |   18.953 | 
     | FE_OFC523_n_2350                     | A v -> Y ^  | INVX1     | 0.197 |  10.493 |   19.150 | 
     | g121199                              | B ^ -> Y v  | NOR2X1    | 0.166 |  10.658 |   19.315 | 
     | g121151                              | B v -> Y ^  | NOR2X2    | 0.160 |  10.819 |   19.475 | 
     | g121112                              | A ^ -> Y v  | INVX1     | 0.169 |  10.988 |   19.645 | 
     | g121039                              | A v -> Y v  | OR2X1     | 0.207 |  11.195 |   19.852 | 
     | g120833                              | B1 v -> Y v | AO22X1    | 0.156 |  11.351 |   20.007 | 
     | DECODE_r_rd_addr_reg[0]              | D v         | DFFRHQX1  | 0.000 |  11.351 |   20.007 | 
     +---------------------------------------------------------------------------------------------+ 

