============================================================
  Generated by:           Genus(TM) Synthesis Solution 21.10-p002_1
  Generated on:           Dec 03 2024  12:00:46 am
  Module:                 riscv_core
  Operating conditions:   PVT_0P9V_125C 
  Interconnect mode:      global
  Area mode:              timing library
============================================================


Path 1: MET (5391 ps) Setup Check with Pin DECODE_r_rd_addr_reg[0]/CK->D
          Group: clk
     Startpoint: (R) DECODE_r_rs2_addr_reg[0]/CK
          Clock: (R) clk
       Endpoint: (F) DECODE_r_rd_addr_reg[0]/D
          Clock: (R) clk

                     Capture       Launch     
        Clock Edge:+   20000            0     
       Src Latency:+       0            0     
       Net Latency:+       0 (I)        0 (I) 
           Arrival:=   20000            0     
                                              
             Setup:-      80                  
       Uncertainty:-     100                  
     Required Time:=   19820                  
      Launch Clock:-       0                  
         Data Path:-   14428                  
             Slack:=    5391                  

#-----------------------------------------------------------------------------------------------------------------
#             Timing Point               Flags    Arc   Edge    Cell     Fanout Load Trans Delay Arrival Instance 
#                                                                               (fF)  (ps)  (ps)   (ps)  Location 
#-----------------------------------------------------------------------------------------------------------------
  DECODE_r_rs2_addr_reg[0]/CK            -       -      R     (arrival)    1429    -     0     0       0    (-,-) 
  DECODE_r_rs2_addr_reg[0]/QN            -       CK->QN F     DFFRX1          4  5.6   152   356     356    (-,-) 
  g79202/Y                               -       A1->Y  R     AOI22X1         1  2.0   150   186     542    (-,-) 
  g79163__2802/Y                         -       C0->Y  F     OAI221X1        1  1.8   269   272     814    (-,-) 
  g79122__6417/Y                         -       D->Y   F     OR4X1           2  3.3   117   349    1162    (-,-) 
  g79100__8428/Y                         -       B->Y   R     NOR2BX2         8 10.1   258   206    1369    (-,-) 
  g79061__9945/Y                         -       B->Y   R     OR2X1           6  7.9   176   268    1636    (-,-) 
  g78027__4319/Y                         -       A1->Y  F     OAI21X1         2  2.8   208   224    1860    (-,-) 
  g78025__5107/Y                         -       A1->Y  F     AO22X1          5  6.5   182   317    2177    (-,-) 
  EXECUTE_alu_u_adder_minus_44_29_g578/Y -       B->Y   R     NOR2X1          3  4.4   234   230    2407    (-,-) 
  EXECUTE_alu_u_adder_minus_44_29_g577/Y -       B0->Y  F     AOI21X1         1  1.8   156   177    2585    (-,-) 
  g124217/Y                              -       A->Y   F     MX2X1           2  3.0    94   230    2815    (-,-) 
  g121934/Y                              -       B->Y   R     XNOR2X1         2  3.0    80   218    3033    (-,-) 
  g121628/Y                              -       A1->Y  R     AO22X1          1  2.2    68   232    3265    (-,-) 
  g121560/CO                             -       B->CO  R     ADDHX1          1  1.8    53   156    3421    (-,-) 
  g121551/Y                              -       B->Y   R     OR2X1           1  2.2    58   102    3523    (-,-) 
  g121537/CO                             -       B->CO  R     ADDHX1          1  1.8    53   151    3674    (-,-) 
  g121534/Y                              -       B->Y   R     OR2X1           1  2.2    58   102    3776    (-,-) 
  g121527/CO                             -       B->CO  R     ADDHX1          1  1.8    53   151    3928    (-,-) 
  g121521/Y                              -       B->Y   R     OR2X1           1  2.2    58   102    4030    (-,-) 
  g121514/CO                             -       B->CO  R     ADDHX1          1  1.8    53   151    4181    (-,-) 
  g121513/Y                              -       B->Y   R     OR2X1           1  2.2    58   102    4283    (-,-) 
  g121502/CO                             -       B->CO  R     ADDHX1          1  1.8    53   151    4435    (-,-) 
  g121497/Y                              -       B->Y   R     OR2X1           1  2.2    58   102    4537    (-,-) 
  g121493/CO                             -       B->CO  R     ADDHX1          1  1.8    53   151    4688    (-,-) 
  g121489/Y                              -       B->Y   R     OR2X1           1  2.2    58   102    4790    (-,-) 
  g121483/CO                             -       B->CO  R     ADDHX1          1  1.8    53   151    4942    (-,-) 
  g121479/Y                              -       B->Y   R     OR2X1           1  2.2    58   102    5044    (-,-) 
  g121473/CO                             -       B->CO  R     ADDHX1          1  1.8    53   151    5195    (-,-) 
  g121469/Y                              -       B->Y   R     OR2X1           1  2.2    58   102    5297    (-,-) 
  g121464/CO                             -       B->CO  R     ADDHX1          1  1.8    53   151    5448    (-,-) 
  g121459/Y                              -       B->Y   R     OR2X1           1  2.2    58   102    5550    (-,-) 
  g121454/CO                             -       B->CO  R     ADDHX1          1  1.8    53   151    5702    (-,-) 
  g121449/Y                              -       B->Y   R     OR2X1           1  2.2    58   102    5804    (-,-) 
  g121443/CO                             -       B->CO  R     ADDHX1          1  1.8    53   151    5955    (-,-) 
  g121438/Y                              -       B->Y   R     OR2X1           1  2.2    58   102    6057    (-,-) 
  g121432/CO                             -       B->CO  R     ADDHX1          1  1.8    53   151    6208    (-,-) 
  g121428/Y                              -       B->Y   R     OR2X1           1  2.2    58   102    6310    (-,-) 
  g121421/CO                             -       B->CO  R     ADDHX1          1  1.8    53   151    6462    (-,-) 
  g121417/Y                              -       B->Y   R     OR2X1           1  2.2    58   102    6564    (-,-) 
  g121412/CO                             -       B->CO  R     ADDHX1          1  1.8    53   151    6715    (-,-) 
  g121408/Y                              -       B->Y   R     OR2X1           1  2.2    58   102    6817    (-,-) 
  g121402/CO                             -       B->CO  R     ADDHX1          1  1.8    53   151    6969    (-,-) 
  g121397/Y                              -       B->Y   R     OR2X1           1  2.2    58   102    7071    (-,-) 
  g121391/CO                             -       B->CO  R     ADDHX1          1  1.8    53   151    7222    (-,-) 
  g121387/Y                              -       B->Y   R     OR2X1           1  2.2    58   102    7324    (-,-) 
  g121381/CO                             -       B->CO  R     ADDHX1          1  1.8    53   151    7476    (-,-) 
  g121379/Y                              -       B->Y   R     OR2X1           1  2.2    58   102    7578    (-,-) 
  g121373/CO                             -       B->CO  R     ADDHX1          1  1.8    53   151    7729    (-,-) 
  g121369/Y                              -       B->Y   R     OR2X1           1  2.2    58   102    7831    (-,-) 
  g121362/CO                             -       B->CO  R     ADDHX1          1  1.8    53   151    7982    (-,-) 
  g121360/Y                              -       B->Y   R     OR2X1           1  2.2    58   102    8084    (-,-) 
  g121352/CO                             -       B->CO  R     ADDHX1          1  1.8    53   151    8236    (-,-) 
  g121349/Y                              -       B->Y   R     OR2X1           1  2.2    58   102    8338    (-,-) 
  g121341/CO                             -       B->CO  R     ADDHX1          1  1.8    53   151    8489    (-,-) 
  g121340/Y                              -       B->Y   R     OR2X1           1  2.2    58   102    8591    (-,-) 
  g121334/CO                             -       B->CO  R     ADDHX1          1  1.8    53   151    8742    (-,-) 
  g121330/Y                              -       B->Y   R     OR2X1           1  2.2    58   102    8844    (-,-) 
  g121323/CO                             -       B->CO  R     ADDHX1          1  1.8    53   151    8996    (-,-) 
  g121321/Y                              -       B->Y   R     OR2X1           1  2.2    58   102    9098    (-,-) 
  g121313/CO                             -       B->CO  R     ADDHX1          1  1.8    53   151    9249    (-,-) 
  g121310/Y                              -       B->Y   R     OR2X1           1  2.2    58   102    9351    (-,-) 
  g121302/CO                             -       B->CO  R     ADDHX1          1  1.8    53   151    9503    (-,-) 
  g121300/Y                              -       B->Y   R     OR2X1           1  2.2    58   102    9605    (-,-) 
  g121294/CO                             -       B->CO  R     ADDHX1          1  1.8    53   151    9756    (-,-) 
  g121290/Y                              -       B->Y   R     OR2X1           1  2.2    58   102    9858    (-,-) 
  g121284/CO                             -       B->CO  R     ADDHX1          1  1.8    53   151   10010    (-,-) 
  g121280/Y                              -       B->Y   R     OR2X1           1  2.2    58   102   10112    (-,-) 
  g121272/CO                             -       B->CO  R     ADDHX1          1  1.8    53   151   10263    (-,-) 
  g121269/Y                              -       B->Y   R     OR2X1           1  2.2    58   102   10365    (-,-) 
  g121261/CO                             -       B->CO  R     ADDHX1          1  1.8    53   151   10516    (-,-) 
  g121258/Y                              -       B->Y   R     OR2X1           2  3.2    79   113   10630    (-,-) 
  g121254/Y                              -       B->Y   F     CLKXOR2X1       1  2.0    68   190   10820    (-,-) 
  g121247/Y                              -       A1->Y  R     AOI21X1         2  3.2   198   152   10971    (-,-) 
  g121243/Y                              -       C->Y   F     NAND3BX1        1  1.8   226   240   11211    (-,-) 
  g121236/Y                              -       D->Y   F     OR4X1           1  1.9    82   312   11524    (-,-) 
  g121233/Y                              -       D->Y   R     NOR4BBX1        1  2.0   265   195   11718    (-,-) 
  g121230/Y                              -       C->Y   F     NAND3X1         1  1.8   228   273   11992    (-,-) 
  g121228/Y                              -       D->Y   F     OR4X1           1  1.9    82   313   12305    (-,-) 
  g121227/Y                              -       D->Y   R     NOR4X1          1  1.8   248   184   12489    (-,-) 
  g121226/Y                              -       B->Y   R     OR2X1           6  8.7   192   272   12761    (-,-) 
  g121225/Y                              -       A->Y   F     INVX1           1  3.2   122   168   12929    (-,-) 
  g121223/Y                              -       B->Y   F     CLKAND2X12     77 85.4   218   236   13166    (-,-) 
  g121220/Y                              -       A->Y   R     INVX3          12 15.1   140   171   13337    (-,-) 
  g121199/Y                              -       B->Y   F     NOR2X1          4  5.3   174   167   13504    (-,-) 
  g121151/Y                              -       B->Y   R     NOR2X2          6  7.9   217   207   13711    (-,-) 
  g121112/Y                              -       A->Y   F     INVX1           6  7.2   225   237   13948    (-,-) 
  g121039/Y                              -       A->Y   F     OR2X1           5  5.8   160   274   14222    (-,-) 
  g120833/Y                              -       B1->Y  F     AO22X1          1  1.9    69   206   14428    (-,-) 
  DECODE_r_rd_addr_reg[0]/D              <<<     -      F     DFFRHQX1        1    -     -     0   14428    (-,-) 
#-----------------------------------------------------------------------------------------------------------------

